Traceback (most recent call last):
  File "C:\Users\parke\PycharmProjects\URUCDreadYachet\topside\thrust_sender.py", line 44, in <module>
    import pygame
ModuleNotFoundError: No module named 'pygame'
Traceback (most recent call last):
  File "C:\Users\parke\PycharmProjects\URUCDreadYachet\topside\thrust_sender.py", line 44, in <module>
    import pygame
ModuleNotFoundError: No module named 'pygame'
Traceback (most recent call last):
  File "C:\Users\parke\PycharmProjects\URUCDreadYachet\topside\thrust_sender.py", line 44, in <module>
    import pygame
ModuleNotFoundError: No module named 'pygame'
Traceback (most recent call last):
  File "C:\Users\parke\PycharmProjects\URUCDreadYachet\topside\thrust_sender.py", line 44, in <module>
    import pygame
ModuleNotFoundError: No module named 'pygame'
Traceback (most recent call last):
  File "C:\Users\parke\PycharmProjects\URUCDreadYachet\topside\thrust_sender.py", line 44, in <module>
    import pygame
ModuleNotFoundError: No module named 'pygame'
Traceback (most recent call last):
  File "C:\Users\parke\PycharmProjects\URUCDreadYachet\topside\thrust_sender.py", line 44, in <module>
    import pygame
ModuleNotFoundError: No module named 'pygame'
Traceback (most recent call last):
  File "C:\Users\parke\PycharmProjects\URUCDreadYachet - Copy\topside\thrust_sender.py", line 44, in <module>
    import pygame
ModuleNotFoundError: No module named 'pygame'
Traceback (most recent call last):
  File "C:\Users\parke\PycharmProjects\URUCDreadYachet - Copy\topside\thrust_sender.py", line 44, in <module>
    import pygame
ModuleNotFoundError: No module named 'pygame'
pygame 2.6.1 (SDL 2.28.4, Python 3.8.10)
Hello from the pygame community. https://www.pygame.org/contribute.html
No joystick found. UI-managed mode: sending neutral thrust until a controller is connected.
Sending UDP to 192.168.2.249:5005
Listening for telemetry on UDP port 5006

ORIGINAL: Left X = Yaw, Right X = Strafe
  Left stick Y           = vertical
  Right stick Y          = forward/back

Controls:
  Button 9 = pitch/roll stabilization toggle
  S = pitch/roll stabilization toggle
  D = depth hold toggle
  Y = yaw hold toggle
  D-pad up/down = gain +/- 10%
  ESC = quit

Combined thrust limit: H + V <= 150%

Global keyboard not enabled. To enable it:
  pip3 install pynput

Forwarding telemetry to UI on 127.0.0.1:5007
Reading UI mode from: C:\Users\parke\PycharmProjects\URUCDreadYachet - Copy\logs\rov_ui_mode.json
Traceback (most recent call last):
  File "C:\Users\parke\PycharmProjects\URUCDreadYachet - Copy\topside\thrust_sender.py", line 764, in <module>
    main()
  File "C:\Users\parke\PycharmProjects\URUCDreadYachet - Copy\topside\thrust_sender.py", line 582, in main
    yaw_raw = SIGN_YAW * get_axis_safe(joy, axis_yaw)
  File "C:\Users\parke\PycharmProjects\URUCDreadYachet - Copy\topside\thrust_sender.py", line 124, in get_axis_safe
    if axis_index < 0 or axis_index >= joy.get_numaxes():
AttributeError: 'NoneType' object has no attribute 'get_numaxes'
pygame 2.6.1 (SDL 2.28.4, Python 3.8.10)
Hello from the pygame community. https://www.pygame.org/contribute.html
No joystick found. UI-managed mode: sending neutral thrust until a controller is connected.
Sending UDP to 192.168.2.249:5005
Listening for telemetry on UDP port 5006

ORIGINAL: Left X = Yaw, Right X = Strafe
  Left stick Y           = vertical
  Right stick Y          = forward/back

Controls:
  Button 9 = pitch/roll stabilization toggle
  S = pitch/roll stabilization toggle
  D = depth hold toggle
  Y = yaw hold toggle
  D-pad up/down = gain +/- 10%
  ESC = quit

Combined thrust limit: H + V <= 150%

Global keyboard not enabled. To enable it:
  pip3 install pynput

Forwarding telemetry to UI on 127.0.0.1:5007
Reading UI mode from: C:\Users\parke\PycharmProjects\URUCDreadYachet - Copy\logs\rov_ui_mode.json
Traceback (most recent call last):
  File "C:\Users\parke\PycharmProjects\URUCDreadYachet - Copy\topside\thrust_sender.py", line 764, in <module>
    main()
  File "C:\Users\parke\PycharmProjects\URUCDreadYachet - Copy\topside\thrust_sender.py", line 582, in main
    yaw_raw = SIGN_YAW * get_axis_safe(joy, axis_yaw)
  File "C:\Users\parke\PycharmProjects\URUCDreadYachet - Copy\topside\thrust_sender.py", line 124, in get_axis_safe
    if axis_index < 0 or axis_index >= joy.get_numaxes():
AttributeError: 'NoneType' object has no attribute 'get_numaxes'
Traceback (most recent call last):
  File "C:\Users\parke\PycharmProjects\URUCDreadYachet - Copy\topside\thrust_sender.py", line 44, in <module>
    import pygame
ModuleNotFoundError: No module named 'pygame'
Traceback (most recent call last):
  File "C:\Users\parke\PycharmProjects\URUCDreadYachet - Copy\topside\thrust_sender.py", line 44, in <module>
    import pygame
ModuleNotFoundError: No module named 'pygame'
